Using pre-set license
Built from '2021.2/staging' branch; Version is '2021.2.6f1 (8c4e826ba445) revision 9195138'; Using compiler version '192829333'; Build Type 'Release'
OS: 'Windows 10  (10.0.19044) 64bit Professional' Language: 'en' Physical Memory: 8101 MB
BatchMode: 1, IsHumanControllingUs: 0, StartBugReporterOnCrash: 0, Is64bit: 1, IsPro: 0

COMMAND LINE ARGUMENTS:
E:\Program Files\Unity\Hub\Editor\2021.2.6f1\Editor\Unity.exe
-adb2
-batchMode
-noUpm
-name
AssetImportWorker1
-projectPath
E:/Program Files/Unity/Project/Realm Rush
-logFile
Logs/AssetImportWorker1.log
-srvPort
60927
Successfully changed project path to: E:/Program Files/Unity/Project/Realm Rush
E:/Program Files/Unity/Project/Realm Rush
[UnityMemory] Configuration Parameters - Can be set up in boot.config
    "memorysetup-bucket-allocator-granularity=16"
    "memorysetup-bucket-allocator-bucket-count=8"
    "memorysetup-bucket-allocator-block-size=33554432"
    "memorysetup-bucket-allocator-block-count=8"
    "memorysetup-main-allocator-block-size=16777216"
    "memorysetup-thread-allocator-block-size=16777216"
    "memorysetup-gfx-main-allocator-block-size=16777216"
    "memorysetup-gfx-thread-allocator-block-size=16777216"
    "memorysetup-cache-allocator-block-size=4194304"
    "memorysetup-typetree-allocator-block-size=2097152"
    "memorysetup-profiler-bucket-allocator-granularity=16"
    "memorysetup-profiler-bucket-allocator-bucket-count=8"
    "memorysetup-profiler-bucket-allocator-block-size=33554432"
    "memorysetup-profiler-bucket-allocator-block-count=8"
    "memorysetup-profiler-allocator-block-size=16777216"
    "memorysetup-profiler-editor-allocator-block-size=1048576"
    "memorysetup-temp-allocator-size-main=16777216"
    "memorysetup-job-temp-allocator-block-size=2097152"
    "memorysetup-job-temp-allocator-block-size-background=1048576"
    "memorysetup-job-temp-allocator-reduction-small-platforms=262144"
    "memorysetup-temp-allocator-size-background-worker=32768"
    "memorysetup-temp-allocator-size-job-worker=262144"
    "memorysetup-temp-allocator-size-preload-manager=33554432"
    "memorysetup-temp-allocator-size-nav-mesh-worker=65536"
    "memorysetup-temp-allocator-size-audio-worker=65536"
    "memorysetup-temp-allocator-size-cloud-worker=32768"
    "memorysetup-temp-allocator-size-gi-baking-worker=262144"
    "memorysetup-temp-allocator-size-gfx=262144"
Refreshing native plugins compatible for Editor in 74.88 ms, found 5 plugins.
Preloading 0 native plugins for Editor in 0.00 ms.
Initialize engine version: 2021.2.6f1 (8c4e826ba445)
[Subsystems] Discovering subsystems at path E:/Program Files/Unity/Hub/Editor/2021.2.6f1/Editor/Data/Resources/UnitySubsystems
[Subsystems] Discovering subsystems at path E:/Program Files/Unity/Project/Realm Rush/Assets
GfxDevice: creating device client; threaded=0; jobified=0
Direct3D:
    Version:  Direct3D 11.0 [level 11.1]
    Renderer: NVIDIA GeForce GTX 1050 Ti (ID=0x1c82)
    Vendor:   NVIDIA
    VRAM:     4018 MB
    Driver:   27.21.14.6192
Initialize mono
Mono path[0] = 'E:/Program Files/Unity/Hub/Editor/2021.2.6f1/Editor/Data/Managed'
Mono path[1] = 'E:/Program Files/Unity/Hub/Editor/2021.2.6f1/Editor/Data/MonoBleedingEdge/lib/mono/unityjit-win32'
Mono config path = 'E:/Program Files/Unity/Hub/Editor/2021.2.6f1/Editor/Data/MonoBleedingEdge/etc'
Using monoOptions --debugger-agent=transport=dt_socket,embedding=1,server=y,suspend=n,address=127.0.0.1:56320
Begin MonoManager ReloadAssembly
Registering precompiled unity dll's ...
Register platform support module: E:/Program Files/Unity/Hub/Editor/2021.2.6f1/Editor/Data/PlaybackEngines/WindowsStandaloneSupport/UnityEditor.WindowsStandalone.Extensions.dll
Registered in 0.003227 seconds.
Native extension for WindowsStandalone target not found
Refreshing native plugins compatible for Editor in 37.90 ms, found 5 plugins.
Preloading 0 native plugins for Editor in 0.00 ms.
Mono: successfully reloaded assembly
- Completed reload, in  0.549 seconds
Domain Reload Profiling:
	ReloadAssembly (549ms)
		BeginReloadAssembly (76ms)
			ExecutionOrderSort (0ms)
			DisableScriptedObjects (0ms)
			BackupInstance (0ms)
			ReleaseScriptingObjects (0ms)
			CreateAndSetChildDomain (1ms)
		EndReloadAssembly (407ms)
			LoadAssemblies (75ms)
			RebuildTransferFunctionScriptingTraits (0ms)
			SetupTypeCache (98ms)
			ReleaseScriptCaches (0ms)
			RebuildScriptCaches (27ms)
			SetupLoadedEditorAssemblies (232ms)
				LogAssemblyErrors (0ms)
				InitializePlatformSupportModulesInManaged (14ms)
				SetLoadedEditorAssemblies (0ms)
				RefreshPlugins (38ms)
				BeforeProcessingInitializeOnLoad (1ms)
				ProcessInitializeOnLoadAttributes (120ms)
				ProcessInitializeOnLoadMethodAttributes (59ms)
				AfterProcessingInitializeOnLoad (0ms)
				EditorAssembliesLoaded (0ms)
			ExecutionOrderSort2 (0ms)
			AwakeInstancesAfterBackupRestoration (0ms)
Platform modules already initialized, skipping
Registering precompiled user dll's ...
Registered in 0.004115 seconds.
Begin MonoManager ReloadAssembly
Native extension for WindowsStandalone target not found
Refreshing native plugins compatible for Editor in 0.57 ms, found 5 plugins.
Preloading 0 native plugins for Editor in 0.00 ms.
Mono: successfully reloaded assembly
- Completed reload, in  0.806 seconds
Domain Reload Profiling:
	ReloadAssembly (806ms)
		BeginReloadAssembly (109ms)
			ExecutionOrderSort (0ms)
			DisableScriptedObjects (6ms)
			BackupInstance (0ms)
			ReleaseScriptingObjects (0ms)
			CreateAndSetChildDomain (19ms)
		EndReloadAssembly (614ms)
			LoadAssemblies (74ms)
			RebuildTransferFunctionScriptingTraits (0ms)
			SetupTypeCache (196ms)
			ReleaseScriptCaches (0ms)
			RebuildScriptCaches (41ms)
			SetupLoadedEditorAssemblies (279ms)
				LogAssemblyErrors (0ms)
				InitializePlatformSupportModulesInManaged (11ms)
				SetLoadedEditorAssemblies (0ms)
				RefreshPlugins (1ms)
				BeforeProcessingInitializeOnLoad (47ms)
				ProcessInitializeOnLoadAttributes (196ms)
				ProcessInitializeOnLoadMethodAttributes (21ms)
				AfterProcessingInitializeOnLoad (3ms)
				EditorAssembliesLoaded (0ms)
			ExecutionOrderSort2 (0ms)
			AwakeInstancesAfterBackupRestoration (5ms)
Platform modules already initialized, skipping
========================================================================
Worker process is ready to serve import requests
Launched and connected shader compiler UnityShaderCompiler.exe after 0.31 seconds
Refreshing native plugins compatible for Editor in 0.53 ms, found 5 plugins.
Preloading 0 native plugins for Editor in 0.00 ms.
Unloading 1838 Unused Serialized files (Serialized files now loaded: 0)
Unloading 45 unused Assets / (1.3 MB). Loaded Objects now: 2280.
Memory consumption went from 88.1 MB to 86.8 MB.
Total: 3.196800 ms (FindLiveObjects: 0.190900 ms CreateObjectMapping: 0.123700 ms MarkObjects: 2.511300 ms  DeleteObjects: 0.369000 ms)

AssetImportParameters requested are different than current active one (requested -> active):
  custom:video-decoder-ogg-theora: a1e56fd34408186e4bbccfd4996cb3dc -> 
  custom:container-muxer-webm: aa71ff27fc2769a1b78a27578f13a17b -> 
  custom:container-demuxer-webm: 4f35f7cbe854078d1ac9338744f61a02 -> 
  custom:video-encoder-webm-vp8: eb34c28f22e8b96e1ab97ce403110664 -> 
  custom:audio-encoder-webm-vorbis: bf7c407c2cedff20999df2af8eb42d56 -> 
  custom:framework-win-MediaFoundation: 216162199b28c13a410421893ffa2e32 -> 
  custom:container-demuxer-ogg: 62fdf1f143b41e24485cea50d1cbac27 -> 
  custom:video-decoder-webm-vp8: 9c59270c3fd7afecdb556c50c9e8de78 -> 
  custom:audio-decoder-ogg-vorbis: bf7c407c2cedff20999df2af8eb42d56 -> 
========================================================================
Received Import Request.
  Time since last request: 310821.162394 seconds.
  path: Assets/Asset Packs/HYPEPOLY - Isometric Tiles Standart Lite/Materials/IsometricTilesStandartMaterial0.mat
  artifactKey: Guid(677605c34bb592e4db39513ae3bd4417) Importer(815301076,1909f56bfc062723c751e8b465ee728b)
Start importing Assets/Asset Packs/HYPEPOLY - Isometric Tiles Standart Lite/Materials/IsometricTilesStandartMaterial0.mat using Guid(677605c34bb592e4db39513ae3bd4417) Importer(815301076,1909f56bfc062723c751e8b465ee728b)  -> (artifact id: 'f169b2a42542ecd363f1d6a318c8ba8f') in 0.865963 seconds 
========================================================================
Received Import Request.
  Time since last request: 462.506861 seconds.
  path: Assets/Asset Packs/HYPEPOLY - Isometric Tiles Standart Lite/Prefabs/Material 0/BigStone 2.prefab
  artifactKey: Guid(326d053bdd1aa3a438922c178fec8b73) Importer(815301076,1909f56bfc062723c751e8b465ee728b)
Start importing Assets/Asset Packs/HYPEPOLY - Isometric Tiles Standart Lite/Prefabs/Material 0/BigStone 2.prefab using Guid(326d053bdd1aa3a438922c178fec8b73) Importer(815301076,1909f56bfc062723c751e8b465ee728b)  -> (artifact id: '7e3a0cdd6ed0e3ae407fe03f58bbb9e6') in 0.306579 seconds 
========================================================================
Received Import Request.
  Time since last request: 0.000072 seconds.
  path: Assets/Asset Packs/HYPEPOLY - Isometric Tiles Standart Lite/Prefabs/Material 0/Stones Tile.prefab
  artifactKey: Guid(72388d1a9d1285246a965299508d6b7d) Importer(815301076,1909f56bfc062723c751e8b465ee728b)
Start importing Assets/Asset Packs/HYPEPOLY - Isometric Tiles Standart Lite/Prefabs/Material 0/Stones Tile.prefab using Guid(72388d1a9d1285246a965299508d6b7d) Importer(815301076,1909f56bfc062723c751e8b465ee728b)  -> (artifact id: 'ce0ed780d89f3d751fadc2f43fbb7110') in 0.064193 seconds 
========================================================================
Received Import Request.
  Time since last request: 0.000028 seconds.
  path: Assets/Asset Packs/HYPEPOLY - Isometric Tiles Standart Lite/Prefabs/Material 0/LittleStone 3.prefab
  artifactKey: Guid(4f2bfcd4d48b1304f87f0eb55c22b2ad) Importer(815301076,1909f56bfc062723c751e8b465ee728b)
Start importing Assets/Asset Packs/HYPEPOLY - Isometric Tiles Standart Lite/Prefabs/Material 0/LittleStone 3.prefab using Guid(4f2bfcd4d48b1304f87f0eb55c22b2ad) Importer(815301076,1909f56bfc062723c751e8b465ee728b)  -> (artifact id: '5006970998005e00776e2b0ea01bc1b3') in 0.044117 seconds 
========================================================================
Received Import Request.
  Time since last request: 0.000031 seconds.
  path: Assets/Asset Packs/HYPEPOLY - Isometric Tiles Standart Lite/Prefabs/Material 0/Tile Bot 2.prefab
  artifactKey: Guid(b24af410a59a0cc4c8f01f3ad358b943) Importer(815301076,1909f56bfc062723c751e8b465ee728b)
Start importing Assets/Asset Packs/HYPEPOLY - Isometric Tiles Standart Lite/Prefabs/Material 0/Tile Bot 2.prefab using Guid(b24af410a59a0cc4c8f01f3ad358b943) Importer(815301076,1909f56bfc062723c751e8b465ee728b)  -> (artifact id: 'baba333027189a674440486c0d5b380d') in 0.122087 seconds 
========================================================================
Received Import Request.
  Time since last request: 0.000056 seconds.
  path: Assets/Asset Packs/HYPEPOLY - Isometric Tiles Standart Lite/Prefabs/Material 0/Tile Top 1.prefab
  artifactKey: Guid(845ad39e51a0a464a864825f760d85e0) Importer(815301076,1909f56bfc062723c751e8b465ee728b)
Start importing Assets/Asset Packs/HYPEPOLY - Isometric Tiles Standart Lite/Prefabs/Material 0/Tile Top 1.prefab using Guid(845ad39e51a0a464a864825f760d85e0) Importer(815301076,1909f56bfc062723c751e8b465ee728b)  -> (artifact id: '7f723b1717fe93436fc1739ccbd5931e') in 0.032703 seconds 
========================================================================
Received Import Request.
  Time since last request: 0.000021 seconds.
  path: Assets/Asset Packs/HYPEPOLY - Isometric Tiles Standart Lite/Prefabs/Material 0/Bush 1.prefab
  artifactKey: Guid(404505804505bc346bd277b3ff0dc1e4) Importer(815301076,1909f56bfc062723c751e8b465ee728b)
Start importing Assets/Asset Packs/HYPEPOLY - Isometric Tiles Standart Lite/Prefabs/Material 0/Bush 1.prefab using Guid(404505804505bc346bd277b3ff0dc1e4) Importer(815301076,1909f56bfc062723c751e8b465ee728b)  -> (artifact id: '0b3e5d3b1f11f0d7eeb29ae2031d7517') in 0.034141 seconds 
========================================================================
Received Import Request.
  Time since last request: 0.000026 seconds.
  path: Assets/Asset Packs/HYPEPOLY - Isometric Tiles Standart Lite/Prefabs/Material 0/Tile Decor.prefab
  artifactKey: Guid(e5a6cf8986afb0543949930ead35cbf9) Importer(815301076,1909f56bfc062723c751e8b465ee728b)
Start importing Assets/Asset Packs/HYPEPOLY - Isometric Tiles Standart Lite/Prefabs/Material 0/Tile Decor.prefab using Guid(e5a6cf8986afb0543949930ead35cbf9) Importer(815301076,1909f56bfc062723c751e8b465ee728b)  -> (artifact id: '981828ca1bbd032c813f8a4bda6deca0') in 0.029262 seconds 
========================================================================
Received Import Request.
  Time since last request: 0.000021 seconds.
  path: Assets/Asset Packs/HYPEPOLY - Isometric Tiles Standart Lite/Prefabs/Material 0/Bush 2.prefab
  artifactKey: Guid(25d4358d22a714442ae3c55bec1bbf3f) Importer(815301076,1909f56bfc062723c751e8b465ee728b)
Start importing Assets/Asset Packs/HYPEPOLY - Isometric Tiles Standart Lite/Prefabs/Material 0/Bush 2.prefab using Guid(25d4358d22a714442ae3c55bec1bbf3f) Importer(815301076,1909f56bfc062723c751e8b465ee728b)  -> (artifact id: '01dff85fe246f8414fc4076b1ed4d360') in 0.023923 seconds 
========================================================================
Received Import Request.
  Time since last request: 0.000031 seconds.
  path: Assets/Asset Packs/HYPEPOLY - Isometric Tiles Standart Lite/Prefabs/Material 0/Branch 2.prefab
  artifactKey: Guid(e8ef785b7b64117448a96bb948329292) Importer(815301076,1909f56bfc062723c751e8b465ee728b)
Start importing Assets/Asset Packs/HYPEPOLY - Isometric Tiles Standart Lite/Prefabs/Material 0/Branch 2.prefab using Guid(e8ef785b7b64117448a96bb948329292) Importer(815301076,1909f56bfc062723c751e8b465ee728b)  -> (artifact id: '2768b9892158c2e300c7a5644b74befc') in 0.015566 seconds 
========================================================================
Received Import Request.
  Time since last request: 0.000032 seconds.
  path: Assets/Asset Packs/HYPEPOLY - Isometric Tiles Standart Lite/Prefabs/Material 0/Branch 1.prefab
  artifactKey: Guid(4fdcfaf87ac8ed04e8b7f438cb718b1e) Importer(815301076,1909f56bfc062723c751e8b465ee728b)
Start importing Assets/Asset Packs/HYPEPOLY - Isometric Tiles Standart Lite/Prefabs/Material 0/Branch 1.prefab using Guid(4fdcfaf87ac8ed04e8b7f438cb718b1e) Importer(815301076,1909f56bfc062723c751e8b465ee728b)  -> (artifact id: '706a7fec332bb644f4e011c9a7d160dd') in 0.028847 seconds 
========================================================================
Received Import Request.
  Time since last request: 0.000033 seconds.
  path: Assets/Asset Packs/HYPEPOLY - Isometric Tiles Standart Lite/Prefabs/Material 0/Coin.prefab
  artifactKey: Guid(ac78353ace64acb4683bc65eb61c7de0) Importer(815301076,1909f56bfc062723c751e8b465ee728b)
Start importing Assets/Asset Packs/HYPEPOLY - Isometric Tiles Standart Lite/Prefabs/Material 0/Coin.prefab using Guid(ac78353ace64acb4683bc65eb61c7de0) Importer(815301076,1909f56bfc062723c751e8b465ee728b)  -> (artifact id: 'b7fff12be32f8200de41923f04eaab32') in 0.018540 seconds 
========================================================================
Received Import Request.
  Time since last request: 0.000056 seconds.
  path: Assets/Asset Packs/HYPEPOLY - Isometric Tiles Standart Lite/Prefabs/Material 0/Bridge.prefab
  artifactKey: Guid(2754fe213be5eaf409b94575b0aabd8e) Importer(815301076,1909f56bfc062723c751e8b465ee728b)
Start importing Assets/Asset Packs/HYPEPOLY - Isometric Tiles Standart Lite/Prefabs/Material 0/Bridge.prefab using Guid(2754fe213be5eaf409b94575b0aabd8e) Importer(815301076,1909f56bfc062723c751e8b465ee728b)  -> (artifact id: 'e3cd1c974d8ac2855531abd34b08f545') in 0.035095 seconds 
========================================================================
Received Prepare
Registering precompiled user dll's ...
Registered in 0.005468 seconds.
Begin MonoManager ReloadAssembly
Native extension for WindowsStandalone target not found
Refreshing native plugins compatible for Editor in 0.79 ms, found 5 plugins.
Preloading 0 native plugins for Editor in 0.00 ms.
Mono: successfully reloaded assembly
- Completed reload, in  1.452 seconds
Domain Reload Profiling:
	ReloadAssembly (1453ms)
		BeginReloadAssembly (260ms)
			ExecutionOrderSort (0ms)
			DisableScriptedObjects (7ms)
			BackupInstance (0ms)
			ReleaseScriptingObjects (0ms)
			CreateAndSetChildDomain (99ms)
		EndReloadAssembly (1045ms)
			LoadAssemblies (154ms)
			RebuildTransferFunctionScriptingTraits (0ms)
			SetupTypeCache (344ms)
			ReleaseScriptCaches (1ms)
			RebuildScriptCaches (69ms)
			SetupLoadedEditorAssemblies (450ms)
				LogAssemblyErrors (0ms)
				InitializePlatformSupportModulesInManaged (25ms)
				SetLoadedEditorAssemblies (1ms)
				RefreshPlugins (1ms)
				BeforeProcessingInitializeOnLoad (64ms)
				ProcessInitializeOnLoadAttributes (313ms)
				ProcessInitializeOnLoadMethodAttributes (35ms)
				AfterProcessingInitializeOnLoad (12ms)
				EditorAssembliesLoaded (0ms)
			ExecutionOrderSort2 (0ms)
			AwakeInstancesAfterBackupRestoration (10ms)
Platform modules already initialized, skipping
Refreshing native plugins compatible for Editor in 0.72 ms, found 5 plugins.
Preloading 0 native plugins for Editor in 0.00 ms.
Unloading 1786 Unused Serialized files (Serialized files now loaded: 0)
Unloading 40 unused Assets / (1.2 MB). Loaded Objects now: 2321.
Memory consumption went from 87.4 MB to 86.1 MB.
Total: 6.828300 ms (FindLiveObjects: 0.218800 ms CreateObjectMapping: 0.137800 ms MarkObjects: 6.225700 ms  DeleteObjects: 0.244600 ms)

AssetImportParameters requested are different than current active one (requested -> active):
  custom:video-decoder-ogg-theora: a1e56fd34408186e4bbccfd4996cb3dc -> 
  custom:container-muxer-webm: aa71ff27fc2769a1b78a27578f13a17b -> 
  custom:container-demuxer-webm: 4f35f7cbe854078d1ac9338744f61a02 -> 
  custom:video-encoder-webm-vp8: eb34c28f22e8b96e1ab97ce403110664 -> 
  custom:audio-encoder-webm-vorbis: bf7c407c2cedff20999df2af8eb42d56 -> 
  custom:framework-win-MediaFoundation: 216162199b28c13a410421893ffa2e32 -> 
  custom:container-demuxer-ogg: 62fdf1f143b41e24485cea50d1cbac27 -> 
  custom:video-decoder-webm-vp8: 9c59270c3fd7afecdb556c50c9e8de78 -> 
  custom:audio-decoder-ogg-vorbis: bf7c407c2cedff20999df2af8eb42d56 -> 
